Starting command: C:\Users\tringame\AppData\Local\Programs\Python\Python311\python.exe -u D:\goods-manager\update_goods.py D:\goods-manager\update_goods_data.json
Working directory: D:\goods-manager
--------------------------------------------------
正在读取数据文件 D:\goods-manager\update_goods_data.json ...
共加载 1 个商品待处理。
正在访问登录页面: https://szguokuai.zlj.xyzulin.top/web/index.php?c=site&a=entry&m=ewei_shopv2&do=web&r=goods
检测到需要登录 (当前URL: https://szguokuai.zlj.xyzulin.top/web/index.php?c=user&a=login&)
尝试自动登录...
等待登录跳转...
未自动跳转到商品列表页，尝试强制访问...
登录流程结束。
[2026-02-04 16:27:04] 
[1/1] 正在处理 ID: 389
[2026-02-04 16:27:05]   - 解析到的目标规格: OrderedDict([('颜色', ['随机']), ('内存', ['2G', '8G', '16G', '32G']), ('配件情况', ['相机+2块电池+充电器+读卡器'])])
[2026-02-04 16:27:05]   - 解析到的目标租期: ['1', '2', '3', '4', '5', '7', '10', '15', '30', '60', '90']
[2026-02-04 16:27:05]   - 正在打开租期设置弹窗...
[2026-02-04 16:27:05]   - 新增租期: 4天
[2026-02-04 16:27:06]   - 新增租期: 60天
[2026-02-04 16:27:07]   - 提交租期修改...
[2026-02-04 16:27:07]     - 已执行 JS 点击
[2026-02-04 16:27:08]   - 租期已更新
[2026-02-04 16:27:11]   - 修改 [内存：2G|配件情况：相机+2块电池+充电器+读卡器|颜色：随机] 1天租金: 69.00 -> 69
[2026-02-04 16:27:11]   - 修改 [内存：2G|配件情况：相机+2块电池+充电器+读卡器|颜色：随机] 2天租金: 74.00 -> 74
[2026-02-04 16:27:12]   - 修改 [内存：2G|配件情况：相机+2块电池+充电器+读卡器|颜色：随机] 3天租金: 75.00 -> 75
[2026-02-04 16:27:12]   - 修改 [内存：2G|配件情况：相机+2块电池+充电器+读卡器|颜色：随机] 4天租金:  -> 88
[2026-02-04 16:27:12]   - 修改 [内存：2G|配件情况：相机+2块电池+充电器+读卡器|颜色：随机] 5天租金: 108.00 -> 108
[2026-02-04 16:27:12]   - 修改 [内存：2G|配件情况：相机+2块电池+充电器+读卡器|颜色：随机] 7天租金: 150.00 -> 150
[2026-02-04 16:27:12]   - 修改 [内存：2G|配件情况：相机+2块电池+充电器+读卡器|颜色：随机] 10天租金: 155.00 -> 155
[2026-02-04 16:27:12]   - 修改 [内存：2G|配件情况：相机+2块电池+充电器+读卡器|颜色：随机] 15天租金: 270.00 -> 270
[2026-02-04 16:27:12]   - 修改 [内存：2G|配件情况：相机+2块电池+充电器+读卡器|颜色：随机] 30天租金: 340.00 -> 340
[2026-02-04 16:27:12]   - 修改 [内存：2G|配件情况：相机+2块电池+充电器+读卡器|颜色：随机] 60天租金:  -> 440
[2026-02-04 16:27:12]   - 修改 [内存：2G|配件情况：相机+2块电池+充电器+读卡器|颜色：随机] 90天租金: 550.00 -> 550
[2026-02-04 16:27:12]   - 修改 [内存：2G|配件情况：相机+2块电池+充电器+读卡器|颜色：随机] 市场价: 1900.00 -> 1900
[2026-02-04 16:27:12]   - 修改 [内存：2G|配件情况：相机+2块电池+充电器+读卡器|颜色：随机] 押金: 1500.00 -> 1500
[2026-02-04 16:27:12]   - 修改 [内存：2G|配件情况：相机+2块电池+充电器+读卡器|颜色：随机] 购买价: 1900.00 -> 1900
[2026-02-04 16:27:12]   - 修改 [内存：2G|配件情况：相机+2块电池+充电器+读卡器|颜色：随机] 采购价: 1900.00 -> 1900
[2026-02-04 16:27:12]   - 修改 [内存：8G|配件情况：相机+2块电池+充电器+读卡器|颜色：随机] 1天租金: 73.00 -> 74
[2026-02-04 16:27:12]   - 修改 [内存：8G|配件情况：相机+2块电池+充电器+读卡器|颜色：随机] 2天租金: 78.00 -> 79
[2026-02-04 16:27:12]   - 修改 [内存：8G|配件情况：相机+2块电池+充电器+读卡器|颜色：随机] 3天租金: 79.00 -> 80
[2026-02-04 16:27:12]   - 修改 [内存：8G|配件情况：相机+2块电池+充电器+读卡器|颜色：随机] 4天租金:  -> 93
[2026-02-04 16:27:12]   - 修改 [内存：8G|配件情况：相机+2块电池+充电器+读卡器|颜色：随机] 5天租金: 112.00 -> 113
[2026-02-04 16:27:12]   - 修改 [内存：8G|配件情况：相机+2块电池+充电器+读卡器|颜色：随机] 7天租金: 154.00 -> 155
[2026-02-04 16:27:12]   - 修改 [内存：8G|配件情况：相机+2块电池+充电器+读卡器|颜色：随机] 10天租金: 159.00 -> 160
[2026-02-04 16:27:12]   - 修改 [内存：8G|配件情况：相机+2块电池+充电器+读卡器|颜色：随机] 15天租金: 274.00 -> 275
[2026-02-04 16:27:12]   - 修改 [内存：8G|配件情况：相机+2块电池+充电器+读卡器|颜色：随机] 30天租金: 344.00 -> 345
[2026-02-04 16:27:12]   - 修改 [内存：8G|配件情况：相机+2块电池+充电器+读卡器|颜色：随机] 60天租金:  -> 445
[2026-02-04 16:27:12]   - 修改 [内存：8G|配件情况：相机+2块电池+充电器+读卡器|颜色：随机] 90天租金: 554.00 -> 555
[2026-02-04 16:27:12]   - 修改 [内存：8G|配件情况：相机+2块电池+充电器+读卡器|颜色：随机] 市场价: 1900.00 -> 1900
[2026-02-04 16:27:12]   - 修改 [内存：8G|配件情况：相机+2块电池+充电器+读卡器|颜色：随机] 押金: 1500.00 -> 1500
[2026-02-04 16:27:12]   - 修改 [内存：8G|配件情况：相机+2块电池+充电器+读卡器|颜色：随机] 购买价: 1900.00 -> 1900
[2026-02-04 16:27:12]   - 修改 [内存：8G|配件情况：相机+2块电池+充电器+读卡器|颜色：随机] 采购价: 1900.00 -> 1900
[2026-02-04 16:27:12]   - 修改 [内存：16G|配件情况：相机+2块电池+充电器+读卡器|颜色：随机] 1天租金: 77.00 -> 79
[2026-02-04 16:27:12]   - 修改 [内存：16G|配件情况：相机+2块电池+充电器+读卡器|颜色：随机] 2天租金: 82.00 -> 84
[2026-02-04 16:27:12]   - 修改 [内存：16G|配件情况：相机+2块电池+充电器+读卡器|颜色：随机] 3天租金: 83.00 -> 85
[2026-02-04 16:27:12]   - 修改 [内存：16G|配件情况：相机+2块电池+充电器+读卡器|颜色：随机] 4天租金:  -> 98
[2026-02-04 16:27:12]   - 修改 [内存：16G|配件情况：相机+2块电池+充电器+读卡器|颜色：随机] 5天租金: 116.00 -> 118
[2026-02-04 16:27:12]   - 修改 [内存：16G|配件情况：相机+2块电池+充电器+读卡器|颜色：随机] 7天租金: 158.00 -> 160
[2026-02-04 16:27:12]   - 修改 [内存：16G|配件情况：相机+2块电池+充电器+读卡器|颜色：随机] 10天租金: 164.00 -> 165
[2026-02-04 16:27:12]   - 修改 [内存：16G|配件情况：相机+2块电池+充电器+读卡器|颜色：随机] 15天租金: 278.00 -> 280
[2026-02-04 16:27:12]   - 修改 [内存：16G|配件情况：相机+2块电池+充电器+读卡器|颜色：随机] 30天租金: 348.00 -> 350
[2026-02-04 16:27:12]   - 修改 [内存：16G|配件情况：相机+2块电池+充电器+读卡器|颜色：随机] 60天租金:  -> 450
[2026-02-04 16:27:12]   - 修改 [内存：16G|配件情况：相机+2块电池+充电器+读卡器|颜色：随机] 90天租金: 558.00 -> 560
[2026-02-04 16:27:13]   - 修改 [内存：16G|配件情况：相机+2块电池+充电器+读卡器|颜色：随机] 市场价: 1900.00 -> 1900
[2026-02-04 16:27:13]   - 修改 [内存：16G|配件情况：相机+2块电池+充电器+读卡器|颜色：随机] 押金: 1500.00 -> 1500
[2026-02-04 16:27:13]   - 修改 [内存：16G|配件情况：相机+2块电池+充电器+读卡器|颜色：随机] 购买价: 1900.00 -> 1900
[2026-02-04 16:27:13]   - 修改 [内存：16G|配件情况：相机+2块电池+充电器+读卡器|颜色：随机] 采购价: 1900.00 -> 1900
[2026-02-04 16:27:13]   - 修改 [内存：32G|配件情况：相机+2块电池+充电器+读卡器|颜色：随机] 1天租金: 81.00 -> 84
[2026-02-04 16:27:13]   - 修改 [内存：32G|配件情况：相机+2块电池+充电器+读卡器|颜色：随机] 2天租金: 86.00 -> 89
[2026-02-04 16:27:13]   - 修改 [内存：32G|配件情况：相机+2块电池+充电器+读卡器|颜色：随机] 3天租金: 87.00 -> 90
[2026-02-04 16:27:13]   - 修改 [内存：32G|配件情况：相机+2块电池+充电器+读卡器|颜色：随机] 4天租金:  -> 103
[2026-02-04 16:27:13]   - 修改 [内存：32G|配件情况：相机+2块电池+充电器+读卡器|颜色：随机] 5天租金: 120.00 -> 123
[2026-02-04 16:27:13]   - 修改 [内存：32G|配件情况：相机+2块电池+充电器+读卡器|颜色：随机] 7天租金: 162.00 -> 165
[2026-02-04 16:27:13]   - 修改 [内存：32G|配件情况：相机+2块电池+充电器+读卡器|颜色：随机] 10天租金: 168.00 -> 170
[2026-02-04 16:27:13]   - 修改 [内存：32G|配件情况：相机+2块电池+充电器+读卡器|颜色：随机] 15天租金: 282.00 -> 285
[2026-02-04 16:27:13]   - 修改 [内存：32G|配件情况：相机+2块电池+充电器+读卡器|颜色：随机] 30天租金: 352.00 -> 355
[2026-02-04 16:27:13]   - 修改 [内存：32G|配件情况：相机+2块电池+充电器+读卡器|颜色：随机] 60天租金:  -> 455
[2026-02-04 16:27:13]   - 修改 [内存：32G|配件情况：相机+2块电池+充电器+读卡器|颜色：随机] 90天租金: 562.00 -> 565
[2026-02-04 16:27:13]   - 修改 [内存：32G|配件情况：相机+2块电池+充电器+读卡器|颜色：随机] 市场价: 1900.00 -> 1900
[2026-02-04 16:27:13]   - 修改 [内存：32G|配件情况：相机+2块电池+充电器+读卡器|颜色：随机] 押金: 1500.00 -> 1500
[2026-02-04 16:27:13]   - 修改 [内存：32G|配件情况：相机+2块电池+充电器+读卡器|颜色：随机] 购买价: 1900.00 -> 1900
[2026-02-04 16:27:13]   - 修改 [内存：32G|配件情况：相机+2块电池+充电器+读卡器|颜色：随机] 采购价: 1900.00 -> 1900
[2026-02-04 16:27:13]   - 警告: 发现未填写的输入框 (Class: input-group)
[2026-02-04 16:27:13]   - 警告: 发现未填写的输入框 (Class: input-group)
[2026-02-04 16:27:13]   - 警告: 发现未填写的输入框 (Class: input-group)
[2026-02-04 16:27:13]   - 警告: 发现未填写的输入框 (Class: input-group)
[2026-02-04 16:27:13]   - 警告: 发现未填写的输入框 (Class: input-group)
[2026-02-04 16:27:13]   - 警告: 发现未填写的输入框 (Class: input-group)
[2026-02-04 16:27:13]   - 警告: 发现未填写的输入框 (Class: input-group)
[2026-02-04 16:27:13]   - 警告: 发现未填写的输入框 (Class: input-group)
[2026-02-04 16:27:13]   - 警告: 发现未填写的输入框 (Class: input-group)
[2026-02-04 16:27:13]   - 警告: 发现未填写的输入框 (Class: input-group)
[2026-02-04 16:27:13]   - 警告: 发现未填写的输入框 (Class: input-group)
[2026-02-04 16:27:13]   - 警告: 发现未填写的输入框 (Class: input-group)
[2026-02-04 16:27:13]   - 警告: 发现未填写的输入框 (Class: input-group)
[2026-02-04 16:27:13]   - 警告: 发现未填写的输入框 (Class: input-group)
[2026-02-04 16:27:13]   - 警告: 发现未填写的输入框 (Class: input-group)
[2026-02-04 16:27:13]   - 警告: 发现未填写的输入框 (Class: input-group)
[2026-02-04 16:27:14]   - 严重警告: 存在未填写的输入框！但这可能影响保存，请检查日志。
[2026-02-04 16:27:14]   - 检测到变更，正在保存...
[2026-02-04 16:27:18]   - 保存成功！
