[2026-02-06 15:28:46] 
[1/1] 正在处理 ID: 353
[2026-02-06 15:28:47]   - 解析到的目标规格: OrderedDict([('套餐', ['标准版（相机主体+硅胶套+128G内存卡+螺纹手柄+快充线+包）', '长续航（标准版+256G+续航手柄+桌面三脚架）', '全能版（标准版+内存卡256G+续航手柄+三脚架+增广镜+Mic2无线麦克风+背夹磁铁）']), ('物流', ['快递', '深圳龙华自提'])])
[2026-02-06 15:28:47]   - 解析到的目标租期: ['1', '2', '3', '4', '5', '7', '10', '15', '30', '60', '90']
[2026-02-06 15:28:47]   - 正在打开租期设置弹窗...
[2026-02-06 15:28:48]   - 新增租期: 4天
[2026-02-06 15:28:48]   - 新增租期: 60天
[2026-02-06 15:28:49]   - 提交租期修改...
[2026-02-06 15:28:49]     - 已执行 JS 点击
[2026-02-06 15:28:50]   - 租期已更新
[2026-02-06 15:28:54]   - 修改 [套餐：标准版（相机主体+硅胶套+128G内存卡+螺纹手柄+快充线+包）|物流：快递] 1天租金: 35.00 -> 55
[2026-02-06 15:28:54]   - 修改 [套餐：标准版（相机主体+硅胶套+128G内存卡+螺纹手柄+快充线+包）|物流：快递] 2天租金: 42.00 -> 62
[2026-02-06 15:28:54]   - 修改 [套餐：标准版（相机主体+硅胶套+128G内存卡+螺纹手柄+快充线+包）|物流：快递] 3天租金: 45.00 -> 75
[2026-02-06 15:28:54]   - 修改 [套餐：标准版（相机主体+硅胶套+128G内存卡+螺纹手柄+快充线+包）|物流：快递] 4天租金:  -> 86
[2026-02-06 15:28:54]   - 修改 [套餐：标准版（相机主体+硅胶套+128G内存卡+螺纹手柄+快充线+包）|物流：快递] 5天租金: 55.00 -> 98
[2026-02-06 15:28:54]   - 修改 [套餐：标准版（相机主体+硅胶套+128G内存卡+螺纹手柄+快充线+包）|物流：快递] 7天租金: 59.00 -> 108
[2026-02-06 15:28:54]   - 修改 [套餐：标准版（相机主体+硅胶套+128G内存卡+螺纹手柄+快充线+包）|物流：快递] 10天租金: 105.00 -> 138
[2026-02-06 15:28:54]   - 修改 [套餐：标准版（相机主体+硅胶套+128G内存卡+螺纹手柄+快充线+包）|物流：快递] 15天租金: 152.00 -> 188
[2026-02-06 15:28:54]   - 修改 [套餐：标准版（相机主体+硅胶套+128G内存卡+螺纹手柄+快充线+包）|物流：快递] 30天租金: 230.00 -> 299
[2026-02-06 15:28:54]   - 修改 [套餐：标准版（相机主体+硅胶套+128G内存卡+螺纹手柄+快充线+包）|物流：快递] 60天租金:  -> 394
[2026-02-06 15:28:54]   - 修改 [套餐：标准版（相机主体+硅胶套+128G内存卡+螺纹手柄+快充线+包）|物流：快递] 90天租金: 394.00 -> 468
[2026-02-06 15:28:54]   - 修改 [套餐：标准版（相机主体+硅胶套+128G内存卡+螺纹手柄+快充线+包）|物流：快递] 市场价: 2799.00 -> 2799
[2026-02-06 15:28:54]   - 修改 [套餐：标准版（相机主体+硅胶套+128G内存卡+螺纹手柄+快充线+包）|物流：快递] 押金: 2000.00 -> 2000
[2026-02-06 15:28:54]   - 修改 [套餐：标准版（相机主体+硅胶套+128G内存卡+螺纹手柄+快充线+包）|物流：快递] 购买价: 2799.00 -> 2799
[2026-02-06 15:28:55]   - 修改 [套餐：标准版（相机主体+硅胶套+128G内存卡+螺纹手柄+快充线+包）|物流：快递] 采购价: 2799.00 -> 2799
[2026-02-06 15:28:55]   - 修改 [套餐：标准版（相机主体+硅胶套+128G内存卡+螺纹手柄+快充线+包）|物流：深圳龙华自提] 1天租金: 33.00 -> 55
[2026-02-06 15:28:55]   - 修改 [套餐：标准版（相机主体+硅胶套+128G内存卡+螺纹手柄+快充线+包）|物流：深圳龙华自提] 2天租金: 39.00 -> 62
[2026-02-06 15:28:55]   - 修改 [套餐：标准版（相机主体+硅胶套+128G内存卡+螺纹手柄+快充线+包）|物流：深圳龙华自提] 3天租金: 40.00 -> 75
[2026-02-06 15:28:55]   - 修改 [套餐：标准版（相机主体+硅胶套+128G内存卡+螺纹手柄+快充线+包）|物流：深圳龙华自提] 4天租金:  -> 86
[2026-02-06 15:28:55]   - 修改 [套餐：标准版（相机主体+硅胶套+128G内存卡+螺纹手柄+快充线+包）|物流：深圳龙华自提] 5天租金: 50.00 -> 98
[2026-02-06 15:28:55]   - 修改 [套餐：标准版（相机主体+硅胶套+128G内存卡+螺纹手柄+快充线+包）|物流：深圳龙华自提] 7天租金: 54.00 -> 108
[2026-02-06 15:28:55]   - 修改 [套餐：标准版（相机主体+硅胶套+128G内存卡+螺纹手柄+快充线+包）|物流：深圳龙华自提] 10天租金: 100.00 -> 138
[2026-02-06 15:28:55]   - 修改 [套餐：标准版（相机主体+硅胶套+128G内存卡+螺纹手柄+快充线+包）|物流：深圳龙华自提] 15天租金: 147.00 -> 188
[2026-02-06 15:28:55]   - 修改 [套餐：标准版（相机主体+硅胶套+128G内存卡+螺纹手柄+快充线+包）|物流：深圳龙华自提] 30天租金: 225.00 -> 299
[2026-02-06 15:28:55]   - 修改 [套餐：标准版（相机主体+硅胶套+128G内存卡+螺纹手柄+快充线+包）|物流：深圳龙华自提] 60天租金:  -> 394
[2026-02-06 15:28:55]   - 修改 [套餐：标准版（相机主体+硅胶套+128G内存卡+螺纹手柄+快充线+包）|物流：深圳龙华自提] 90天租金: 389.00 -> 468
[2026-02-06 15:28:55]   - 修改 [套餐：标准版（相机主体+硅胶套+128G内存卡+螺纹手柄+快充线+包）|物流：深圳龙华自提] 市场价: 2799.00 -> 2799
[2026-02-06 15:28:55]   - 修改 [套餐：标准版（相机主体+硅胶套+128G内存卡+螺纹手柄+快充线+包）|物流：深圳龙华自提] 押金: 2000.00 -> 2000
[2026-02-06 15:28:55]   - 修改 [套餐：标准版（相机主体+硅胶套+128G内存卡+螺纹手柄+快充线+包）|物流：深圳龙华自提] 购买价: 2799.00 -> 2799
[2026-02-06 15:28:55]   - 修改 [套餐：标准版（相机主体+硅胶套+128G内存卡+螺纹手柄+快充线+包）|物流：深圳龙华自提] 采购价: 2799.00 -> 2799
[2026-02-06 15:28:55]   - 修改 [套餐：长续航（标准版+256G+续航手柄+桌面三脚架）|物流：快递] 1天租金: 45.00 -> 65
[2026-02-06 15:28:55]   - 修改 [套餐：长续航（标准版+256G+续航手柄+桌面三脚架）|物流：快递] 2天租金: 52.00 -> 72
[2026-02-06 15:28:55]   - 修改 [套餐：长续航（标准版+256G+续航手柄+桌面三脚架）|物流：快递] 3天租金: 55.00 -> 85
[2026-02-06 15:28:55]   - 修改 [套餐：长续航（标准版+256G+续航手柄+桌面三脚架）|物流：快递] 4天租金:  -> 96
[2026-02-06 15:28:55]   - 修改 [套餐：长续航（标准版+256G+续航手柄+桌面三脚架）|物流：快递] 5天租金: 65.00 -> 108
[2026-02-06 15:28:55]   - 修改 [套餐：长续航（标准版+256G+续航手柄+桌面三脚架）|物流：快递] 7天租金: 75.00 -> 118
[2026-02-06 15:28:55]   - 修改 [套餐：长续航（标准版+256G+续航手柄+桌面三脚架）|物流：快递] 10天租金: 115.00 -> 148
[2026-02-06 15:28:55]   - 修改 [套餐：长续航（标准版+256G+续航手柄+桌面三脚架）|物流：快递] 15天租金: 162.00 -> 198
[2026-02-06 15:28:55]   - 修改 [套餐：长续航（标准版+256G+续航手柄+桌面三脚架）|物流：快递] 30天租金: 240.00 -> 309
[2026-02-06 15:28:55]   - 修改 [套餐：长续航（标准版+256G+续航手柄+桌面三脚架）|物流：快递] 60天租金:  -> 404
[2026-02-06 15:28:55]   - 修改 [套餐：长续航（标准版+256G+续航手柄+桌面三脚架）|物流：快递] 90天租金: 528.00 -> 478
[2026-02-06 15:28:55]   - 修改 [套餐：长续航（标准版+256G+续航手柄+桌面三脚架）|物流：快递] 市场价: 2999.00 -> 2999
[2026-02-06 15:28:55]   - 修改 [套餐：长续航（标准版+256G+续航手柄+桌面三脚架）|物流：快递] 押金: 2200.00 -> 2200
[2026-02-06 15:28:55]   - 修改 [套餐：长续航（标准版+256G+续航手柄+桌面三脚架）|物流：快递] 购买价: 2999.00 -> 2999
[2026-02-06 15:28:55]   - 修改 [套餐：长续航（标准版+256G+续航手柄+桌面三脚架）|物流：快递] 采购价: 2999.00 -> 2999
[2026-02-06 15:28:55]   - 修改 [套餐：长续航（标准版+256G+续航手柄+桌面三脚架）|物流：深圳龙华自提] 1天租金: 40.00 -> 65
[2026-02-06 15:28:55]   - 修改 [套餐：长续航（标准版+256G+续航手柄+桌面三脚架）|物流：深圳龙华自提] 2天租金: 47.00 -> 72
[2026-02-06 15:28:55]   - 修改 [套餐：长续航（标准版+256G+续航手柄+桌面三脚架）|物流：深圳龙华自提] 3天租金: 50.00 -> 85
[2026-02-06 15:28:55]   - 修改 [套餐：长续航（标准版+256G+续航手柄+桌面三脚架）|物流：深圳龙华自提] 4天租金:  -> 96
[2026-02-06 15:28:55]   - 修改 [套餐：长续航（标准版+256G+续航手柄+桌面三脚架）|物流：深圳龙华自提] 5天租金: 60.00 -> 108
[2026-02-06 15:28:55]   - 修改 [套餐：长续航（标准版+256G+续航手柄+桌面三脚架）|物流：深圳龙华自提] 7天租金: 70.00 -> 118
[2026-02-06 15:28:55]   - 修改 [套餐：长续航（标准版+256G+续航手柄+桌面三脚架）|物流：深圳龙华自提] 10天租金: 110.00 -> 148
[2026-02-06 15:28:55]   - 修改 [套餐：长续航（标准版+256G+续航手柄+桌面三脚架）|物流：深圳龙华自提] 15天租金: 157.00 -> 198
[2026-02-06 15:28:55]   - 修改 [套餐：长续航（标准版+256G+续航手柄+桌面三脚架）|物流：深圳龙华自提] 30天租金: 235.00 -> 309
[2026-02-06 15:28:56]   - 修改 [套餐：长续航（标准版+256G+续航手柄+桌面三脚架）|物流：深圳龙华自提] 60天租金:  -> 404
[2026-02-06 15:28:56]   - 修改 [套餐：长续航（标准版+256G+续航手柄+桌面三脚架）|物流：深圳龙华自提] 90天租金: 523.00 -> 478
[2026-02-06 15:28:56]   - 修改 [套餐：长续航（标准版+256G+续航手柄+桌面三脚架）|物流：深圳龙华自提] 市场价: 2999.00 -> 2999
[2026-02-06 15:28:56]   - 修改 [套餐：长续航（标准版+256G+续航手柄+桌面三脚架）|物流：深圳龙华自提] 押金: 2200.00 -> 2200
[2026-02-06 15:28:56]   - 修改 [套餐：长续航（标准版+256G+续航手柄+桌面三脚架）|物流：深圳龙华自提] 购买价: 2999.00 -> 2999
[2026-02-06 15:28:56]   - 修改 [套餐：长续航（标准版+256G+续航手柄+桌面三脚架）|物流：深圳龙华自提] 采购价: 2999.00 -> 2999
[2026-02-06 15:28:56]   - 修改 [套餐：全能版（标准版+内存卡256G+续航手柄+三脚架+增广镜+Mic2无线麦克风+背夹磁铁）|物流：快递] 1天租金: 48.00 -> 73
[2026-02-06 15:28:56]   - 修改 [套餐：全能版（标准版+内存卡256G+续航手柄+三脚架+增广镜+Mic2无线麦克风+背夹磁铁）|物流：快递] 2天租金: 82.00 -> 80
[2026-02-06 15:28:56]   - 修改 [套餐：全能版（标准版+内存卡256G+续航手柄+三脚架+增广镜+Mic2无线麦克风+背夹磁铁）|物流：快递] 3天租金: 95.00 -> 93
[2026-02-06 15:28:56]   - 修改 [套餐：全能版（标准版+内存卡256G+续航手柄+三脚架+增广镜+Mic2无线麦克风+背夹磁铁）|物流：快递] 4天租金:  -> 104
[2026-02-06 15:28:56]   - 修改 [套餐：全能版（标准版+内存卡256G+续航手柄+三脚架+增广镜+Mic2无线麦克风+背夹磁铁）|物流：快递] 5天租金: 105.00 -> 116
[2026-02-06 15:28:56]   - 修改 [套餐：全能版（标准版+内存卡256G+续航手柄+三脚架+增广镜+Mic2无线麦克风+背夹磁铁）|物流：快递] 7天租金: 120.00 -> 126
[2026-02-06 15:28:56]   - 修改 [套餐：全能版（标准版+内存卡256G+续航手柄+三脚架+增广镜+Mic2无线麦克风+背夹磁铁）|物流：快递] 10天租金: 135.00 -> 156
[2026-02-06 15:28:56]   - 修改 [套餐：全能版（标准版+内存卡256G+续航手柄+三脚架+增广镜+Mic2无线麦克风+背夹磁铁）|物流：快递] 15天租金: 188.00 -> 206
[2026-02-06 15:28:56]   - 修改 [套餐：全能版（标准版+内存卡256G+续航手柄+三脚架+增广镜+Mic2无线麦克风+背夹磁铁）|物流：快递] 30天租金: 290.00 -> 317
[2026-02-06 15:28:56]   - 修改 [套餐：全能版（标准版+内存卡256G+续航手柄+三脚架+增广镜+Mic2无线麦克风+背夹磁铁）|物流：快递] 60天租金:  -> 412
[2026-02-06 15:28:56]   - 修改 [套餐：全能版（标准版+内存卡256G+续航手柄+三脚架+增广镜+Mic2无线麦克风+背夹磁铁）|物流：快递] 90天租金: 805.00 -> 486
[2026-02-06 15:28:56]   - 修改 [套餐：全能版（标准版+内存卡256G+续航手柄+三脚架+增广镜+Mic2无线麦克风+背夹磁铁）|物流：快递] 市场价: 3299.00 -> 3299
[2026-02-06 15:28:56]   - 修改 [套餐：全能版（标准版+内存卡256G+续航手柄+三脚架+增广镜+Mic2无线麦克风+背夹磁铁）|物流：快递] 押金: 2500.00 -> 2500
[2026-02-06 15:28:56]   - 修改 [套餐：全能版（标准版+内存卡256G+续航手柄+三脚架+增广镜+Mic2无线麦克风+背夹磁铁）|物流：快递] 购买价: 3299.00 -> 3299
[2026-02-06 15:28:56]   - 修改 [套餐：全能版（标准版+内存卡256G+续航手柄+三脚架+增广镜+Mic2无线麦克风+背夹磁铁）|物流：快递] 采购价: 3299.00 -> 3299
[2026-02-06 15:28:56]   - 修改 [套餐：全能版（标准版+内存卡256G+续航手柄+三脚架+增广镜+Mic2无线麦克风+背夹磁铁）|物流：深圳龙华自提] 1天租金: 43.00 -> 73
[2026-02-06 15:28:56]   - 修改 [套餐：全能版（标准版+内存卡256G+续航手柄+三脚架+增广镜+Mic2无线麦克风+背夹磁铁）|物流：深圳龙华自提] 2天租金: 77.00 -> 80
[2026-02-06 15:28:56]   - 修改 [套餐：全能版（标准版+内存卡256G+续航手柄+三脚架+增广镜+Mic2无线麦克风+背夹磁铁）|物流：深圳龙华自提] 3天租金: 90.00 -> 93
[2026-02-06 15:28:56]   - 修改 [套餐：全能版（标准版+内存卡256G+续航手柄+三脚架+增广镜+Mic2无线麦克风+背夹磁铁）|物流：深圳龙华自提] 4天租金:  -> 104
[2026-02-06 15:28:56]   - 修改 [套餐：全能版（标准版+内存卡256G+续航手柄+三脚架+增广镜+Mic2无线麦克风+背夹磁铁）|物流：深圳龙华自提] 5天租金: 100.00 -> 116
[2026-02-06 15:28:56]   - 修改 [套餐：全能版（标准版+内存卡256G+续航手柄+三脚架+增广镜+Mic2无线麦克风+背夹磁铁）|物流：深圳龙华自提] 7天租金: 115.00 -> 126
[2026-02-06 15:28:56]   - 修改 [套餐：全能版（标准版+内存卡256G+续航手柄+三脚架+增广镜+Mic2无线麦克风+背夹磁铁）|物流：深圳龙华自提] 10天租金: 130.00 -> 156
[2026-02-06 15:28:56]   - 修改 [套餐：全能版（标准版+内存卡256G+续航手柄+三脚架+增广镜+Mic2无线麦克风+背夹磁铁）|物流：深圳龙华自提] 15天租金: 183.00 -> 206
[2026-02-06 15:28:56]   - 修改 [套餐：全能版（标准版+内存卡256G+续航手柄+三脚架+增广镜+Mic2无线麦克风+背夹磁铁）|物流：深圳龙华自提] 30天租金: 285.00 -> 317
[2026-02-06 15:28:56]   - 修改 [套餐：全能版（标准版+内存卡256G+续航手柄+三脚架+增广镜+Mic2无线麦克风+背夹磁铁）|物流：深圳龙华自提] 60天租金:  -> 412
[2026-02-06 15:28:56]   - 修改 [套餐：全能版（标准版+内存卡256G+续航手柄+三脚架+增广镜+Mic2无线麦克风+背夹磁铁）|物流：深圳龙华自提] 90天租金: 800.00 -> 486
[2026-02-06 15:28:56]   - 修改 [套餐：全能版（标准版+内存卡256G+续航手柄+三脚架+增广镜+Mic2无线麦克风+背夹磁铁）|物流：深圳龙华自提] 市场价: 3299.00 -> 3299
[2026-02-06 15:28:56]   - 修改 [套餐：全能版（标准版+内存卡256G+续航手柄+三脚架+增广镜+Mic2无线麦克风+背夹磁铁）|物流：深圳龙华自提] 押金: 2500.00 -> 2500
[2026-02-06 15:28:56]   - 修改 [套餐：全能版（标准版+内存卡256G+续航手柄+三脚架+增广镜+Mic2无线麦克风+背夹磁铁）|物流：深圳龙华自提] 购买价: 3299.00 -> 3299
[2026-02-06 15:28:56]   - 修改 [套餐：全能版（标准版+内存卡256G+续航手柄+三脚架+增广镜+Mic2无线麦克风+背夹磁铁）|物流：深圳龙华自提] 采购价: 3299.00 -> 3299
[2026-02-06 15:28:56]   - 警告: 发现未填写的输入框 (Class: input-group)
[2026-02-06 15:28:57]   - 警告: 发现未填写的输入框 (Class: input-group)
[2026-02-06 15:28:57]   - 警告: 发现未填写的输入框 (Class: input-group)
[2026-02-06 15:28:57]   - 警告: 发现未填写的输入框 (Class: input-group)
[2026-02-06 15:28:57]   - 警告: 发现未填写的输入框 (Class: input-group)
[2026-02-06 15:28:57]   - 警告: 发现未填写的输入框 (Class: input-group)
[2026-02-06 15:28:57]   - 警告: 发现未填写的输入框 (Class: input-group)
[2026-02-06 15:28:57]   - 警告: 发现未填写的输入框 (Class: input-group)
[2026-02-06 15:28:57]   - 警告: 发现未填写的输入框 (Class: input-group)
[2026-02-06 15:28:57]   - 警告: 发现未填写的输入框 (Class: input-group)
[2026-02-06 15:28:57]   - 警告: 发现未填写的输入框 (Class: input-group)
[2026-02-06 15:28:57]   - 警告: 发现未填写的输入框 (Class: input-group)
[2026-02-06 15:28:57]   - 警告: 发现未填写的输入框 (Class: input-group)
[2026-02-06 15:28:57]   - 警告: 发现未填写的输入框 (Class: input-group)
[2026-02-06 15:28:57]   - 警告: 发现未填写的输入框 (Class: input-group)
[2026-02-06 15:28:57]   - 警告: 发现未填写的输入框 (Class: input-group)
[2026-02-06 15:28:58]   - 严重警告: 存在未填写的输入框！但这可能影响保存，请检查日志。
[2026-02-06 15:28:58]   - 检测到变更，正在保存...
[2026-02-06 15:29:02]   - 保存成功！
